=== PROJ5 32-bit starting ===
before initgraph
initgraph OK
pi_ini done
ms_init done
set_gr_cursor done
before malloc
malloc OK
Memory test OK: 8000000 points (45 MB)
buffers OK
before FlashRd
FlashRd done, entering main loop
before mainscr
main: before dlgopen
dlgopen: entered
dlgopen: before WndBkgr
dlgopen: before rddir
*.bft
rddir: enter
*.bft
rddir: before findfirst dirs
rddir: findfirst dirs done: 0
rddir: dirs found: 3
rddir: before findfirst files
rddir: findfirst files done: 0
rddir: files found: 3
dlgopen: rddir done
dlgopen: before scan_ms
dlgopen: scan_ms ret: 1
before mainscr
before mainscr
before mainscr
before mainscr
before mainscr
before mainscr
before mainscr
main: before dlgopen
dlgopen: entered
dlgopen: before WndBkgr
dlgopen: before rddir
*.bft
rddir: enter
*.bft
rddir: before findfirst dirs
rddir: findfirst dirs done: 0
rddir: dirs found: 3
rddir: before findfirst files
rddir: findfirst files done: 0
rddir: files found: 3
dlgopen: rddir done
dlgopen: before scan_ms
dlgopen: scan_ms ret: 1
before mainscr
before mainscr
